<?xml version="1.0" encoding="UTF-8"?>
<testng-results skipped="0" failed="0" total="1" passed="1">
  <reporter-output>
  </reporter-output>
  <suite name="Suite" duration-ms="4729" started-at="2020-06-09T10:46:50Z" finished-at="2020-06-09T10:46:55Z">
    <groups>
    </groups>
    <test name="Test" duration-ms="4729" started-at="2020-06-09T10:46:50Z" finished-at="2020-06-09T10:46:55Z">
      <class name="test.TestfaceBookLogin">
        <test-method status="PASS" signature="openBrowser()[pri:0, instance:test.TestfaceBookLogin@735b5592]" name="openBrowser" is-config="true" duration-ms="3808" started-at="2020-06-09T06:46:50Z" finished-at="2020-06-09T06:46:54Z">
          <reporter-output>
          </reporter-output>
        </test-method> <!-- openBrowser -->
        <test-method status="PASS" signature="login()[pri:0, instance:test.TestfaceBookLogin@735b5592]" name="login" duration-ms="912" started-at="2020-06-09T06:46:54Z" finished-at="2020-06-09T06:46:55Z">
          <reporter-output>
          </reporter-output>
        </test-method> <!-- login -->
        <test-method status="PASS" signature="closingBrowser()[pri:0, instance:test.TestfaceBookLogin@735b5592]" name="closingBrowser" is-config="true" duration-ms="1" started-at="2020-06-09T06:46:55Z" finished-at="2020-06-09T06:46:55Z">
          <reporter-output>
          </reporter-output>
        </test-method> <!-- closingBrowser -->
      </class> <!-- test.TestfaceBookLogin -->
    </test> <!-- Test -->
  </suite> <!-- Suite -->
</testng-results>
